<?xml version="1.0" encoding="UTF-8"?>
<coverage generated="1659957414746" clover="3.2.0">
  <project timestamp="1659957414746" name="All files">
    <metrics statements="27" coveredstatements="27" conditionals="12" coveredconditionals="11" methods="7" coveredmethods="7" elements="46" coveredelements="45" complexity="0" loc="27" ncloc="27" packages="1" files="2" classes="2"/>
    <file name="buildTree.js" path="/home/userart/frontend-project-lvl2/src/buildTree.js">
      <metrics statements="18" coveredstatements="18" conditionals="12" coveredconditionals="11" methods="4" coveredmethods="4"/>
      <line num="3" count="1" type="stmt"/>
      <line num="4" count="4" type="stmt"/>
      <line num="5" count="4" type="stmt"/>
      <line num="6" count="4" type="stmt"/>
      <line num="7" count="4" type="stmt"/>
      <line num="8" count="19" type="stmt"/>
      <line num="9" count="19" type="cond" truecount="2" falsecount="0"/>
      <line num="10" count="6" type="stmt"/>
      <line num="12" count="13" type="cond" truecount="4" falsecount="0"/>
      <line num="13" count="8" type="stmt"/>
      <line num="15" count="5" type="stmt"/>
      <line num="18" count="32" type="stmt"/>
      <line num="19" count="32" type="stmt"/>
      <line num="20" count="32" type="cond" truecount="2" falsecount="0"/>
      <line num="21" count="2" type="cond" truecount="1" falsecount="1"/>
      <line num="23" count="30" type="cond" truecount="2" falsecount="0"/>
      <line num="25" count="19" type="stmt"/>
      <line num="27" count="4" type="stmt"/>
    </file>
    <file name="index.js" path="/home/userart/frontend-project-lvl2/src/index.js">
      <metrics statements="9" coveredstatements="9" conditionals="0" coveredconditionals="0" methods="3" coveredmethods="3"/>
      <line num="5" count="8" type="stmt"/>
      <line num="7" count="8" type="stmt"/>
      <line num="9" count="1" type="stmt"/>
      <line num="10" count="4" type="stmt"/>
      <line num="11" count="4" type="stmt"/>
      <line num="13" count="4" type="stmt"/>
      <line num="14" count="4" type="stmt"/>
      <line num="16" count="4" type="stmt"/>
      <line num="18" count="4" type="stmt"/>
    </file>
  </project>
</coverage>
