{"/home/userart/frontend-project-lvl2/src/index2.js": {"path":"/home/userart/frontend-project-lvl2/src/index2.js","statementMap":{"0":{"start":{"line":1,"column":22},"end":{"line":1,"column":54}}},"fnMap":{"0":{"name":"(anonymous_0)","decl":{"start":{"line":1,"column":15},"end":{"line":1,"column":16}},"loc":{"start":{"line":1,"column":22},"end":{"line":1,"column":54}},"line":1}},"branchMap":{},"s":{"0":2},"f":{"0":2},"b":{},"_coverageSchema":"1a1c01bbd47fc00a2c39e90264f33305004495a9","hash":"f540a9c44e80c6f92a3971d66fad757a6e3958c1"}
}
