{"/home/userart/frontend-project-lvl2/src/buildTree.js": {"path":"/home/userart/frontend-project-lvl2/src/buildTree.js","statementMap":{"0":{"start":{"line":3,"column":18},"end":{"line":28,"column":1}},"1":{"start":{"line":4,"column":21},"end":{"line":4,"column":37}},"2":{"start":{"line":5,"column":21},"end":{"line":5,"column":37}},"3":{"start":{"line":6,"column":21},"end":{"line":6,"column":73}},"4":{"start":{"line":7,"column":17},"end":{"line":26,"column":17}},"5":{"start":{"line":8,"column":25},"end":{"line":8,"column":29}},"6":{"start":{"line":9,"column":4},"end":{"line":11,"column":5}},"7":{"start":{"line":10,"column":6},"end":{"line":10,"column":34}},"8":{"start":{"line":12,"column":4},"end":{"line":14,"column":5}},"9":{"start":{"line":13,"column":6},"end":{"line":13,"column":34}},"10":{"start":{"line":15,"column":4},"end":{"line":15,"column":32}},"11":{"start":{"line":18,"column":27},"end":{"line":18,"column":46}},"12":{"start":{"line":19,"column":27},"end":{"line":19,"column":39}},"13":{"start":{"line":20,"column":6},"end":{"line":22,"column":7}},"14":{"start":{"line":21,"column":8},"end":{"line":21,"column":36}},"15":{"start":{"line":23,"column":6},"end":{"line":23,"column":48}},"16":{"start":{"line":25,"column":19},"end":{"line":25,"column":30}},"17":{"start":{"line":27,"column":2},"end":{"line":27,"column":31}}},"fnMap":{"0":{"name":"(anonymous_0)","decl":{"start":{"line":3,"column":18},"end":{"line":3,"column":19}},"loc":{"start":{"line":3,"column":36},"end":{"line":28,"column":1}},"line":3},"1":{"name":"(anonymous_1)","decl":{"start":{"line":7,"column":32},"end":{"line":7,"column":33}},"loc":{"start":{"line":7,"column":42},"end":{"line":16,"column":3}},"line":7},"2":{"name":"(anonymous_2)","decl":{"start":{"line":17,"column":10},"end":{"line":17,"column":11}},"loc":{"start":{"line":17,"column":20},"end":{"line":24,"column":5}},"line":17},"3":{"name":"(anonymous_3)","decl":{"start":{"line":25,"column":9},"end":{"line":25,"column":10}},"loc":{"start":{"line":25,"column":19},"end":{"line":25,"column":30}},"line":25}},"branchMap":{"0":{"loc":{"start":{"line":9,"column":4},"end":{"line":11,"column":5}},"type":"if","locations":[{"start":{"line":9,"column":4},"end":{"line":11,"column":5}},{"start":{},"end":{}}],"line":9},"1":{"loc":{"start":{"line":12,"column":4},"end":{"line":14,"column":5}},"type":"if","locations":[{"start":{"line":12,"column":4},"end":{"line":14,"column":5}},{"start":{},"end":{}}],"line":12},"2":{"loc":{"start":{"line":12,"column":8},"end":{"line":12,"column":67}},"type":"binary-expr","locations":[{"start":{"line":12,"column":8},"end":{"line":12,"column":41}},{"start":{"line":12,"column":46},"end":{"line":12,"column":66}}],"line":12},"3":{"loc":{"start":{"line":20,"column":6},"end":{"line":22,"column":7}},"type":"if","locations":[{"start":{"line":20,"column":6},"end":{"line":22,"column":7}},{"start":{},"end":{}}],"line":20},"4":{"loc":{"start":{"line":21,"column":15},"end":{"line":21,"column":35}},"type":"cond-expr","locations":[{"start":{"line":21,"column":29},"end":{"line":21,"column":30}},{"start":{"line":21,"column":33},"end":{"line":21,"column":35}}],"line":21},"5":{"loc":{"start":{"line":23,"column":13},"end":{"line":23,"column":47}},"type":"cond-expr","locations":[{"start":{"line":23,"column":41},"end":{"line":23,"column":42}},{"start":{"line":23,"column":45},"end":{"line":23,"column":47}}],"line":23}},"s":{"0":1,"1":4,"2":4,"3":4,"4":4,"5":19,"6":19,"7":6,"8":13,"9":8,"10":5,"11":32,"12":32,"13":32,"14":2,"15":30,"16":19,"17":4},"f":{"0":4,"1":19,"2":32,"3":19},"b":{"0":[6,13],"1":[8,5],"2":[13,7],"3":[2,30],"4":[2,0],"5":[10,20]},"_coverageSchema":"1a1c01bbd47fc00a2c39e90264f33305004495a9","hash":"e81f9996a98c7d986210ebbfe96a7f3e8f12600a"}
,"/home/userart/frontend-project-lvl2/src/index.js": {"path":"/home/userart/frontend-project-lvl2/src/index.js","statementMap":{"0":{"start":{"line":5,"column":23},"end":{"line":5,"column":69}},"1":{"start":{"line":5,"column":37},"end":{"line":5,"column":69}},"2":{"start":{"line":7,"column":17},"end":{"line":7,"column":78}},"3":{"start":{"line":7,"column":31},"end":{"line":7,"column":78}},"4":{"start":{"line":9,"column":16},"end":{"line":19,"column":1}},"5":{"start":{"line":10,"column":20},"end":{"line":10,"column":39}},"6":{"start":{"line":11,"column":20},"end":{"line":11,"column":39}},"7":{"start":{"line":13,"column":16},"end":{"line":13,"column":37}},"8":{"start":{"line":14,"column":16},"end":{"line":14,"column":37}},"9":{"start":{"line":16,"column":15},"end":{"line":16,"column":38}},"10":{"start":{"line":18,"column":2},"end":{"line":18,"column":14}}},"fnMap":{"0":{"name":"(anonymous_0)","decl":{"start":{"line":5,"column":23},"end":{"line":5,"column":24}},"loc":{"start":{"line":5,"column":37},"end":{"line":5,"column":69}},"line":5},"1":{"name":"(anonymous_1)","decl":{"start":{"line":7,"column":17},"end":{"line":7,"column":18}},"loc":{"start":{"line":7,"column":31},"end":{"line":7,"column":78}},"line":7},"2":{"name":"(anonymous_2)","decl":{"start":{"line":9,"column":16},"end":{"line":9,"column":17}},"loc":{"start":{"line":9,"column":42},"end":{"line":19,"column":1}},"line":9}},"branchMap":{},"s":{"0":1,"1":8,"2":1,"3":8,"4":1,"5":4,"6":4,"7":4,"8":4,"9":4,"10":4},"f":{"0":8,"1":8,"2":4},"b":{},"_coverageSchema":"1a1c01bbd47fc00a2c39e90264f33305004495a9","hash":"331f995eac6a4bdc42fb3c54921da1118ea26093"}
}
