TN:
SF:src/buildTree.js
FN:3,(anonymous_0)
FN:7,(anonymous_1)
FN:17,(anonymous_2)
FN:25,(anonymous_3)
FNF:4
FNH:4
FNDA:4,(anonymous_0)
FNDA:19,(anonymous_1)
FNDA:32,(anonymous_2)
FNDA:19,(anonymous_3)
DA:3,1
DA:4,4
DA:5,4
DA:6,4
DA:7,4
DA:8,19
DA:9,19
DA:10,6
DA:12,13
DA:13,8
DA:15,5
DA:18,32
DA:19,32
DA:20,32
DA:21,2
DA:23,30
DA:25,19
DA:27,4
LF:18
LH:18
BRDA:9,0,0,6
BRDA:9,0,1,13
BRDA:12,1,0,8
BRDA:12,1,1,5
BRDA:12,2,0,13
BRDA:12,2,1,7
BRDA:20,3,0,2
BRDA:20,3,1,30
BRDA:21,4,0,2
BRDA:21,4,1,0
BRDA:23,5,0,10
BRDA:23,5,1,20
BRF:12
BRH:11
end_of_record
TN:
SF:src/index.js
FN:5,(anonymous_0)
FN:7,(anonymous_1)
FN:9,(anonymous_2)
FNF:3
FNH:3
FNDA:8,(anonymous_0)
FNDA:8,(anonymous_1)
FNDA:4,(anonymous_2)
DA:5,8
DA:7,8
DA:9,1
DA:10,4
DA:11,4
DA:13,4
DA:14,4
DA:16,4
DA:18,4
LF:9
LH:9
BRF:0
BRH:0
end_of_record
